0 info it worked if it ends with ok
1 verbose cli [ '/usr/bin/nodejs', '/usr/bin/npm', 'run', 'test' ]
2 info using npm@3.10.10
3 info using node@v6.9.4
4 verbose run-script [ 'pretest', 'test', 'posttest' ]
5 info lifecycle weather.io@1.0.0~pretest: weather.io@1.0.0
6 silly lifecycle weather.io@1.0.0~pretest: no script for pretest, continuing
7 info lifecycle weather.io@1.0.0~test: weather.io@1.0.0
8 verbose lifecycle weather.io@1.0.0~test: unsafe-perm in lifecycle true
9 verbose lifecycle weather.io@1.0.0~test: PATH: /usr/lib/node_modules/npm/bin/node-gyp-bin:/home/arun/Personal/weather.io/node_modules/.bin:/home/arun/.local/share/umake/bin:/usr/local/sbin:/usr/local/bin:/usr/sbin:/usr/bin:/sbin:/bin:/usr/games:/usr/local/games:/snap/bin:/usr/lib/jvm/java-8-oracle/bin:/usr/lib/jvm/java-8-oracle/db/bin:/usr/lib/jvm/java-8-oracle/jre/bin
10 verbose lifecycle weather.io@1.0.0~test: CWD: /home/arun/Personal/weather.io
11 silly lifecycle weather.io@1.0.0~test: Args: [ '-c', 'jest' ]
12 silly lifecycle weather.io@1.0.0~test: Returned: code: 1  signal: null
13 info lifecycle weather.io@1.0.0~test: Failed to exec test script
14 verbose stack Error: weather.io@1.0.0 test: `jest`
14 verbose stack Exit status 1
14 verbose stack     at EventEmitter.<anonymous> (/usr/lib/node_modules/npm/lib/utils/lifecycle.js:255:16)
14 verbose stack     at emitTwo (events.js:106:13)
14 verbose stack     at EventEmitter.emit (events.js:191:7)
14 verbose stack     at ChildProcess.<anonymous> (/usr/lib/node_modules/npm/lib/utils/spawn.js:40:14)
14 verbose stack     at emitTwo (events.js:106:13)
14 verbose stack     at ChildProcess.emit (events.js:191:7)
14 verbose stack     at maybeClose (internal/child_process.js:877:16)
14 verbose stack     at Process.ChildProcess._handle.onexit (internal/child_process.js:226:5)
15 verbose pkgid weather.io@1.0.0
16 verbose cwd /home/arun/Personal/weather.io
17 error Linux 4.4.0-59-generic
18 error argv "/usr/bin/nodejs" "/usr/bin/npm" "run" "test"
19 error node v6.9.4
20 error npm  v3.10.10
21 error code ELIFECYCLE
22 error weather.io@1.0.0 test: `jest`
22 error Exit status 1
23 error Failed at the weather.io@1.0.0 test script 'jest'.
23 error Make sure you have the latest version of node.js and npm installed.
23 error If you do, this is most likely a problem with the weather.io package,
23 error not with npm itself.
23 error Tell the author that this fails on your system:
23 error     jest
23 error You can get information on how to open an issue for this project with:
23 error     npm bugs weather.io
23 error Or if that isn't available, you can get their info via:
23 error     npm owner ls weather.io
23 error There is likely additional logging output above.
24 verbose exit [ 1, true ]
